1.500000000000000000e+01
1.600000000000000000e+01
3.500000000000000000e+01
3.700000000000000000e+01
3.800000000000000000e+01
3.900000000000000000e+01
4.900000000000000000e+01
5.800000000000000000e+01
6.400000000000000000e+01
6.700000000000000000e+01
7.100000000000000000e+01
7.200000000000000000e+01
8.100000000000000000e+01
8.200000000000000000e+01
8.400000000000000000e+01
8.700000000000000000e+01
8.800000000000000000e+01
1.090000000000000000e+02
1.110000000000000000e+02
1.120000000000000000e+02
1.130000000000000000e+02
1.200000000000000000e+02
1.250000000000000000e+02
1.440000000000000000e+02
1.520000000000000000e+02
1.530000000000000000e+02
1.550000000000000000e+02
1.930000000000000000e+02
1.980000000000000000e+02
2.000000000000000000e+02
2.030000000000000000e+02
2.110000000000000000e+02
2.380000000000000000e+02
2.420000000000000000e+02
2.630000000000000000e+02
2.640000000000000000e+02
2.790000000000000000e+02
2.940000000000000000e+02
3.050000000000000000e+02
3.250000000000000000e+02
3.620000000000000000e+02
3.630000000000000000e+02
3.740000000000000000e+02
3.910000000000000000e+02
3.980000000000000000e+02
4.280000000000000000e+02
4.490000000000000000e+02
5.300000000000000000e+02
5.420000000000000000e+02
5.510000000000000000e+02
6.010000000000000000e+02
6.630000000000000000e+02
7.430000000000000000e+02
7.840000000000000000e+02
7.960000000000000000e+02
8.200000000000000000e+02
8.210000000000000000e+02
8.220000000000000000e+02
8.250000000000000000e+02
8.420000000000000000e+02
8.620000000000000000e+02
8.660000000000000000e+02
9.010000000000000000e+02
9.030000000000000000e+02
9.120000000000000000e+02
9.670000000000000000e+02
1.022000000000000000e+03
1.037000000000000000e+03
1.051000000000000000e+03
1.055000000000000000e+03
1.056000000000000000e+03
1.106000000000000000e+03
1.110000000000000000e+03
1.115000000000000000e+03
1.127000000000000000e+03
1.134000000000000000e+03
1.161000000000000000e+03
1.173000000000000000e+03
1.203000000000000000e+03
1.217000000000000000e+03
1.228000000000000000e+03
1.229000000000000000e+03
1.232000000000000000e+03
1.242000000000000000e+03
1.243000000000000000e+03
1.267000000000000000e+03
1.268000000000000000e+03
1.271000000000000000e+03
1.289000000000000000e+03
1.292000000000000000e+03
1.295000000000000000e+03
1.299000000000000000e+03
1.327000000000000000e+03
1.337000000000000000e+03
1.345000000000000000e+03
1.363000000000000000e+03
1.379000000000000000e+03
1.380000000000000000e+03
1.399000000000000000e+03
1.417000000000000000e+03
1.442000000000000000e+03
1.471000000000000000e+03
1.492000000000000000e+03
1.497000000000000000e+03
1.509000000000000000e+03
1.510000000000000000e+03
1.562000000000000000e+03
1.564000000000000000e+03
1.599000000000000000e+03
1.602000000000000000e+03
1.607000000000000000e+03
1.624000000000000000e+03
1.626000000000000000e+03
1.636000000000000000e+03
1.657000000000000000e+03
1.668000000000000000e+03
1.673000000000000000e+03
1.699000000000000000e+03
1.724000000000000000e+03
1.733000000000000000e+03
1.762000000000000000e+03
1.767000000000000000e+03
1.771000000000000000e+03
1.776000000000000000e+03
1.792000000000000000e+03
1.828000000000000000e+03
1.829000000000000000e+03
1.837000000000000000e+03
1.838000000000000000e+03
1.865000000000000000e+03
1.867000000000000000e+03
1.891000000000000000e+03
1.909000000000000000e+03
1.918000000000000000e+03
1.960000000000000000e+03
1.972000000000000000e+03
1.976000000000000000e+03
1.987000000000000000e+03
2.034000000000000000e+03
2.077000000000000000e+03
2.103000000000000000e+03
2.135000000000000000e+03
2.166000000000000000e+03
2.180000000000000000e+03
2.195000000000000000e+03
2.221000000000000000e+03
2.246000000000000000e+03
2.290000000000000000e+03
2.323000000000000000e+03
2.352000000000000000e+03
2.397000000000000000e+03
2.414000000000000000e+03
2.415000000000000000e+03
2.416000000000000000e+03
2.431000000000000000e+03
2.453000000000000000e+03
2.459000000000000000e+03
2.463000000000000000e+03
2.545000000000000000e+03
2.546000000000000000e+03
2.557000000000000000e+03
2.561000000000000000e+03
2.562000000000000000e+03
2.605000000000000000e+03
2.639000000000000000e+03
2.697000000000000000e+03
2.715000000000000000e+03
2.721000000000000000e+03
2.756000000000000000e+03
2.764000000000000000e+03
2.784000000000000000e+03
2.794000000000000000e+03
2.843000000000000000e+03
2.853000000000000000e+03
2.862000000000000000e+03
2.865000000000000000e+03
2.897000000000000000e+03
2.902000000000000000e+03
2.929000000000000000e+03
2.964000000000000000e+03
3.036000000000000000e+03
3.043000000000000000e+03
3.111000000000000000e+03
3.136000000000000000e+03
3.142000000000000000e+03
3.161000000000000000e+03
3.162000000000000000e+03
3.204000000000000000e+03
3.208000000000000000e+03
3.241000000000000000e+03
3.259000000000000000e+03
3.271000000000000000e+03
3.286000000000000000e+03
3.312000000000000000e+03
3.337000000000000000e+03
3.385000000000000000e+03
3.410000000000000000e+03
3.430000000000000000e+03
3.465000000000000000e+03
3.472000000000000000e+03
3.474000000000000000e+03
3.510000000000000000e+03
3.552000000000000000e+03
3.591000000000000000e+03
3.594000000000000000e+03
3.602000000000000000e+03
3.609000000000000000e+03
3.627000000000000000e+03
3.628000000000000000e+03
3.649000000000000000e+03
3.656000000000000000e+03
3.712000000000000000e+03
3.716000000000000000e+03
3.721000000000000000e+03
3.729000000000000000e+03
3.733000000000000000e+03
3.748000000000000000e+03
3.813000000000000000e+03
3.847000000000000000e+03
3.868000000000000000e+03
3.882000000000000000e+03
3.894000000000000000e+03
3.907000000000000000e+03
3.918000000000000000e+03
3.986000000000000000e+03
4.005000000000000000e+03
4.047000000000000000e+03
4.066000000000000000e+03
4.102000000000000000e+03
4.117000000000000000e+03
4.132000000000000000e+03
4.140000000000000000e+03
4.176000000000000000e+03
4.181000000000000000e+03
4.185000000000000000e+03
4.240000000000000000e+03
4.278000000000000000e+03
4.315000000000000000e+03
4.320000000000000000e+03
4.341000000000000000e+03
4.375000000000000000e+03
4.426000000000000000e+03
4.434000000000000000e+03
4.471000000000000000e+03
4.493000000000000000e+03
4.511000000000000000e+03
4.522000000000000000e+03
4.526000000000000000e+03
4.536000000000000000e+03
4.605000000000000000e+03
4.641000000000000000e+03
4.643000000000000000e+03
4.669000000000000000e+03
4.683000000000000000e+03
4.688000000000000000e+03
4.690000000000000000e+03
4.696000000000000000e+03
4.703000000000000000e+03
4.716000000000000000e+03
4.791000000000000000e+03
4.794000000000000000e+03
4.808000000000000000e+03
4.890000000000000000e+03
4.913000000000000000e+03
4.944000000000000000e+03
4.947000000000000000e+03
4.951000000000000000e+03
4.952000000000000000e+03
4.976000000000000000e+03
5.007000000000000000e+03
5.049000000000000000e+03
5.052000000000000000e+03
5.094000000000000000e+03
5.098000000000000000e+03
5.099000000000000000e+03
5.128000000000000000e+03
5.132000000000000000e+03
5.145000000000000000e+03
5.146000000000000000e+03
5.154000000000000000e+03
5.170000000000000000e+03
5.176000000000000000e+03
5.184000000000000000e+03
5.216000000000000000e+03
5.271000000000000000e+03
5.321000000000000000e+03
5.351000000000000000e+03
5.378000000000000000e+03
5.379000000000000000e+03
5.427000000000000000e+03
5.438000000000000000e+03
5.457000000000000000e+03
5.486000000000000000e+03
5.585000000000000000e+03
5.636000000000000000e+03
5.664000000000000000e+03
5.710000000000000000e+03
5.734000000000000000e+03
5.738000000000000000e+03
5.764000000000000000e+03
5.780000000000000000e+03
5.792000000000000000e+03
5.806000000000000000e+03
5.808000000000000000e+03
5.848000000000000000e+03
5.859000000000000000e+03
5.860000000000000000e+03
5.861000000000000000e+03
5.868000000000000000e+03
5.875000000000000000e+03
5.911000000000000000e+03
5.932000000000000000e+03
5.939000000000000000e+03
5.944000000000000000e+03
6.006000000000000000e+03
6.019000000000000000e+03
6.028000000000000000e+03
6.106000000000000000e+03
6.124000000000000000e+03
6.131000000000000000e+03
6.176000000000000000e+03
6.192000000000000000e+03
6.197000000000000000e+03
6.207000000000000000e+03
6.222000000000000000e+03
6.235000000000000000e+03
6.253000000000000000e+03
6.275000000000000000e+03
6.300000000000000000e+03
6.357000000000000000e+03
6.375000000000000000e+03
6.376000000000000000e+03
6.390000000000000000e+03
6.457000000000000000e+03
6.483000000000000000e+03
6.583000000000000000e+03
6.593000000000000000e+03
6.603000000000000000e+03
6.609000000000000000e+03
6.614000000000000000e+03
6.641000000000000000e+03
6.644000000000000000e+03
6.647000000000000000e+03
6.683000000000000000e+03
6.754000000000000000e+03
6.775000000000000000e+03
6.823000000000000000e+03
6.847000000000000000e+03
6.849000000000000000e+03
6.867000000000000000e+03
6.911000000000000000e+03
6.915000000000000000e+03
7.017000000000000000e+03
7.029000000000000000e+03
7.064000000000000000e+03
7.111000000000000000e+03
7.113000000000000000e+03
7.117000000000000000e+03
7.158000000000000000e+03
7.176000000000000000e+03
7.199000000000000000e+03
7.228000000000000000e+03
7.244000000000000000e+03
7.278000000000000000e+03
7.282000000000000000e+03
7.291000000000000000e+03
7.293000000000000000e+03
7.295000000000000000e+03
7.302000000000000000e+03
7.342000000000000000e+03
7.346000000000000000e+03
7.347000000000000000e+03
7.366000000000000000e+03
7.380000000000000000e+03
7.391000000000000000e+03
7.394000000000000000e+03
7.443000000000000000e+03
7.461000000000000000e+03
7.475000000000000000e+03
7.506000000000000000e+03
7.512000000000000000e+03
7.549000000000000000e+03
7.566000000000000000e+03
7.572000000000000000e+03
7.589000000000000000e+03
7.614000000000000000e+03
7.619000000000000000e+03
7.632000000000000000e+03
7.635000000000000000e+03
7.653000000000000000e+03
7.702000000000000000e+03
7.756000000000000000e+03
7.799000000000000000e+03
7.800000000000000000e+03
7.881000000000000000e+03
7.889000000000000000e+03
7.910000000000000000e+03
7.925000000000000000e+03
7.935000000000000000e+03
7.983000000000000000e+03
8.089000000000000000e+03
8.131000000000000000e+03
8.141000000000000000e+03
8.160000000000000000e+03
8.190000000000000000e+03
8.201000000000000000e+03
8.218000000000000000e+03
8.224000000000000000e+03
8.263000000000000000e+03
8.271000000000000000e+03
8.290000000000000000e+03
8.317000000000000000e+03
8.322000000000000000e+03
8.354000000000000000e+03
8.421000000000000000e+03
8.425000000000000000e+03
8.427000000000000000e+03
8.428000000000000000e+03
8.429000000000000000e+03
8.467000000000000000e+03
8.497000000000000000e+03
8.507000000000000000e+03
8.532000000000000000e+03
8.572000000000000000e+03
8.627000000000000000e+03
8.629000000000000000e+03
8.644000000000000000e+03
8.680000000000000000e+03
8.703000000000000000e+03
8.709000000000000000e+03
8.713000000000000000e+03
8.790000000000000000e+03
8.809000000000000000e+03
8.835000000000000000e+03
8.848000000000000000e+03
8.898000000000000000e+03
8.899000000000000000e+03
8.937000000000000000e+03
8.998000000000000000e+03
9.003000000000000000e+03
9.008000000000000000e+03
9.039000000000000000e+03
9.082000000000000000e+03
9.100000000000000000e+03
9.124000000000000000e+03
9.139000000000000000e+03
9.148000000000000000e+03
9.149000000000000000e+03
9.156000000000000000e+03
9.161000000000000000e+03
9.180000000000000000e+03
9.189000000000000000e+03
9.221000000000000000e+03
9.255000000000000000e+03
9.269000000000000000e+03
9.297000000000000000e+03
9.299000000000000000e+03
9.303000000000000000e+03
9.325000000000000000e+03
9.341000000000000000e+03
9.365000000000000000e+03
9.375000000000000000e+03
9.376000000000000000e+03
9.378000000000000000e+03
9.406000000000000000e+03
9.410000000000000000e+03
9.466000000000000000e+03
9.476000000000000000e+03
9.483000000000000000e+03
9.512000000000000000e+03
9.534000000000000000e+03
9.540000000000000000e+03
9.562000000000000000e+03
9.564000000000000000e+03
9.676000000000000000e+03
9.687000000000000000e+03
9.731000000000000000e+03
9.733000000000000000e+03
9.749000000000000000e+03
9.753000000000000000e+03
9.809000000000000000e+03
9.816000000000000000e+03
9.819000000000000000e+03
9.859000000000000000e+03
9.874000000000000000e+03
9.890000000000000000e+03
9.893000000000000000e+03
9.952000000000000000e+03
1.015800000000000000e+04
1.017700000000000000e+04
1.019000000000000000e+04
1.020200000000000000e+04
1.021100000000000000e+04
1.023000000000000000e+04
1.023600000000000000e+04
1.023700000000000000e+04
1.024600000000000000e+04
1.033400000000000000e+04
1.034500000000000000e+04
1.037700000000000000e+04
1.038100000000000000e+04
1.039700000000000000e+04
1.040500000000000000e+04
1.041400000000000000e+04
1.045100000000000000e+04
1.046300000000000000e+04
1.047300000000000000e+04
1.050500000000000000e+04
1.052500000000000000e+04
1.054000000000000000e+04
1.054100000000000000e+04
1.054700000000000000e+04
1.054900000000000000e+04
1.056200000000000000e+04
1.058000000000000000e+04
1.060400000000000000e+04
1.060800000000000000e+04
1.062500000000000000e+04
1.062600000000000000e+04
1.063200000000000000e+04
1.066900000000000000e+04
1.067700000000000000e+04
1.068200000000000000e+04
1.068700000000000000e+04
1.069000000000000000e+04
1.071800000000000000e+04
1.073000000000000000e+04
1.073500000000000000e+04
1.074200000000000000e+04
1.075800000000000000e+04
1.078400000000000000e+04
1.081800000000000000e+04
1.083400000000000000e+04
1.084400000000000000e+04
1.087900000000000000e+04
1.088900000000000000e+04
1.089000000000000000e+04
1.090300000000000000e+04
1.091900000000000000e+04
1.096400000000000000e+04
1.097200000000000000e+04
1.099100000000000000e+04
1.099600000000000000e+04
1.101900000000000000e+04
1.102200000000000000e+04
1.104100000000000000e+04
1.105100000000000000e+04
1.106700000000000000e+04
1.108300000000000000e+04
1.110200000000000000e+04
1.117200000000000000e+04
1.118600000000000000e+04
1.121800000000000000e+04
1.123500000000000000e+04
1.128200000000000000e+04
1.130700000000000000e+04
1.132500000000000000e+04
1.133800000000000000e+04
1.134000000000000000e+04
1.135400000000000000e+04
1.135900000000000000e+04
1.138600000000000000e+04
1.149900000000000000e+04
1.152000000000000000e+04
1.156000000000000000e+04
1.158600000000000000e+04
1.161000000000000000e+04
1.163200000000000000e+04
1.163400000000000000e+04
1.163400000000000000e+04
1.164000000000000000e+04
1.164800000000000000e+04
1.165200000000000000e+04
1.166800000000000000e+04
1.171500000000000000e+04
1.173600000000000000e+04
1.179600000000000000e+04
1.180500000000000000e+04
1.181200000000000000e+04
1.181600000000000000e+04
1.181900000000000000e+04
1.183500000000000000e+04
1.185800000000000000e+04
1.186800000000000000e+04
1.187900000000000000e+04
1.188700000000000000e+04
1.190500000000000000e+04
1.191300000000000000e+04
1.209800000000000000e+04
1.212800000000000000e+04
1.218500000000000000e+04
1.222300000000000000e+04
1.223400000000000000e+04
1.224100000000000000e+04
1.224200000000000000e+04
1.225900000000000000e+04
1.228200000000000000e+04
1.229100000000000000e+04
1.229800000000000000e+04
1.230000000000000000e+04
1.230600000000000000e+04
1.232200000000000000e+04
1.233100000000000000e+04
1.233200000000000000e+04
1.235100000000000000e+04
1.239300000000000000e+04
1.241600000000000000e+04
1.245300000000000000e+04
1.247900000000000000e+04
1.248800000000000000e+04
1.249100000000000000e+04
1.257100000000000000e+04
1.257500000000000000e+04
1.258800000000000000e+04
1.259800000000000000e+04
1.261400000000000000e+04
1.266900000000000000e+04
1.270400000000000000e+04
1.271300000000000000e+04
1.271500000000000000e+04
1.273300000000000000e+04
1.275300000000000000e+04
1.279500000000000000e+04
1.279600000000000000e+04
1.279900000000000000e+04
1.280700000000000000e+04
1.282000000000000000e+04
1.283900000000000000e+04
1.285500000000000000e+04
1.286800000000000000e+04
1.287300000000000000e+04
1.287800000000000000e+04
1.294400000000000000e+04
1.294800000000000000e+04
1.297700000000000000e+04
1.298600000000000000e+04
1.301600000000000000e+04
1.304100000000000000e+04
1.307200000000000000e+04
1.310200000000000000e+04
1.314400000000000000e+04
1.318500000000000000e+04
1.318900000000000000e+04
1.322500000000000000e+04
1.327400000000000000e+04
1.330300000000000000e+04
1.332300000000000000e+04
1.334600000000000000e+04
1.337800000000000000e+04
1.344100000000000000e+04
1.347300000000000000e+04
1.349100000000000000e+04
1.353800000000000000e+04
1.354000000000000000e+04
1.359500000000000000e+04
1.359800000000000000e+04
1.367600000000000000e+04
1.375600000000000000e+04
1.378300000000000000e+04
1.382600000000000000e+04
1.405000000000000000e+04
1.407300000000000000e+04
1.412800000000000000e+04
